<?xml version="1.0" encoding="utf-8"?><testsuites name="pytest tests"><testsuite name="pytest" errors="0" failures="0" skipped="1" tests="35" time="30.398" timestamp="2026-08-28T03:34:14.032038+00:00" hostname="agent-env-04b4ed9d-e276-46d2-91b2-a2461f3e257f"><testcase classname="tests.backend_test.TestHealth" name="test_root" time="0.268" /><testcase classname="tests.backend_test.TestAuth" name="test_login_success_sets_cookies" time="0.318" /><testcase classname="tests.backend_test.TestAuth" name="test_bcrypt_hash_format" time="0.002" /><testcase classname="tests.backend_test.TestAuth" name="test_login_invalid_password" time="0.627" /><testcase classname="tests.backend_test.TestAuth" name="test_login_validation_error" time="0.064" /><testcase classname="tests.backend_test.TestAuth" name="test_me_requires_auth" time="0.128" /><testcase classname="tests.backend_test.TestAuth" name="test_me_authenticated" time="0.393" /><testcase classname="tests.backend_test.TestAuth" name="test_refresh_rotates_access_token" time="0.457" /><testcase classname="tests.backend_test.TestAuth" name="test_refresh_without_cookie" time="0.122" /><testcase classname="tests.backend_test.TestAuth" name="test_refresh_token_not_valid_as_access" time="0.499" /><testcase classname="tests.backend_test.TestAuth" name="test_invalid_bearer_token" time="0.117" /><testcase classname="tests.backend_test.TestAuth" name="test_logout_clears_session" time="0.591" /><testcase classname="tests.backend_test.TestBruteForce" name="test_lockout_after_five_failures" time="0.721" /><testcase classname="tests.backend_test.TestBookings" name="test_bookings_list_requires_auth" time="0.095" /><testcase classname="tests.backend_test.TestBookings" name="test_patch_requires_auth" time="0.142" /><testcase classname="tests.backend_test.TestBookings" name="test_create_booking_public_and_persist" time="0.122" /><testcase classname="tests.backend_test.TestBookings" name="test_create_booking_validation" time="0.124" /><testcase classname="tests.backend_test.TestBookings" name="test_status_transitions_persist" time="0.403" /><testcase classname="tests.backend_test.TestBookings" name="test_patch_invalid_status" time="0.126" /><testcase classname="tests.backend_test.TestBookings" name="test_patch_malformed_id" time="0.054" /><testcase classname="tests.backend_test.TestBookings" name="test_patch_missing_booking" time="0.056" /><testcase classname="tests.backend_test.TestBookings" name="test_booking_rate_limit_429" time="0.436" /><testcase classname="tests.backend_test.TestAvailability" name="test_availability_public_future_date" time="0.069" /><testcase classname="tests.backend_test.TestAvailability" name="test_availability_past_date_all_unavailable" time="0.079" /><testcase classname="tests.backend_test.TestAvailability" name="test_availability_invalid_format" time="0.064" /><testcase classname="tests.backend_test.TestAvailability" name="test_availability_missing_param" time="0.078" /><testcase classname="tests.backend_test.TestBlockedDays" name="test_blocked_days_require_auth" time="0.398" /><testcase classname="tests.backend_test.TestBlockedDays" name="test_block_and_unblock_roundtrip" time="0.427" /><testcase classname="tests.backend_test.TestBlockedDays" name="test_blocked_day_rejects_slot_booking" time="0.250" /><testcase classname="tests.backend_test.TestBlockedDays" name="test_invalid_blocked_day_format" time="0.055" /><testcase classname="tests.backend_test.TestSlotBooking" name="test_slot_taken_and_buffer_unavailable" time="0.485" /><testcase classname="tests.backend_test.TestSlotBooking" name="test_slot_without_date_400" time="0.067" /><testcase classname="tests.backend_test.TestSlotBooking" name="test_invalid_slot_value_400" time="0.067" /><testcase classname="tests.backend_test.TestSlotBooking" name="test_past_date_slot_rejected" time="0.081" /><testcase classname="tests.backend_test.TestStatusEmails" name="test_accepted_and_handled_emails_sent_once" time="22.248"><skipped type="pytest.skip" message="Emergent email provider returned 429 (quota exhausted by this run) — delivery already verified in earlier logs; status-change trigger fired correctly">/app/backend/tests/backend_test.py:405: Emergent email provider returned 429 (quota exhausted by this run) — delivery already verified in earlier logs; status-change trigger fired correctly</skipped></testcase></testsuite></testsuites>