<?xml version="1.0" encoding="utf-8"?><testsuites name="pytest tests"><testsuite name="pytest" errors="0" failures="1" skipped="0" tests="20" time="4.277" timestamp="2026-08-28T03:05:18.167865+00:00" hostname="agent-env-04b4ed9d-e276-46d2-91b2-a2461f3e257f"><testcase classname="tests.backend_test.TestBookings" name="test_bookings_list_requires_auth" time="0.261" /><testcase classname="tests.backend_test.TestAuth" name="test_login_success_sets_cookies" time="0.541" /><testcase classname="tests.backend_test.TestBookings" name="test_patch_requires_auth" time="0.283" /><testcase classname="tests.backend_test.TestAuth" name="test_login_invalid_password" time="0.819" /><testcase classname="tests.backend_test.TestBookings" name="test_create_booking_public_and_persist" time="0.906" /><testcase classname="tests.backend_test.TestAuth" name="test_login_validation_error" time="0.110" /><testcase classname="tests.backend_test.TestBookings" name="test_create_booking_validation" time="0.093" /><testcase classname="tests.backend_test.TestAuth" name="test_me_requires_auth" time="0.134" /><testcase classname="tests.backend_test.TestBookings" name="test_status_transitions_persist" time="0.605" /><testcase classname="tests.backend_test.TestAuth" name="test_me_authenticated" time="0.391" /><testcase classname="tests.backend_test.TestAuth" name="test_refresh_rotates_access_token" time="0.463" /><testcase classname="tests.backend_test.TestBookings" name="test_patch_invalid_status" time="0.239" /><testcase classname="tests.backend_test.TestBookings" name="test_patch_malformed_id" time="0.057" /><testcase classname="tests.backend_test.TestBookings" name="test_patch_missing_booking" time="0.058" /><testcase classname="tests.backend_test.TestAuth" name="test_refresh_without_cookie" time="0.146" /><testcase classname="tests.backend_test.TestHealth" name="test_root" time="0.043" /><testcase classname="tests.backend_test.TestBruteForce" name="test_lockout_after_five_failures" time="1.040"><failure message="AssertionError: expected 429 got 401: {&quot;detail&quot;:&quot;Invalid email or password&quot;}&#10;assert 401 == 429&#10; +  where 401 = &lt;Response [401]&gt;.status_code">tests/backend_test.py:134: in test_lockout_after_five_failures
    assert r6.status_code == 429, f"expected 429 got {r6.status_code}: {r6.text[:200]}"
E   AssertionError: expected 429 got 401: {"detail":"Invalid email or password"}
E   assert 401 == 429
E    +  where 401 = &lt;Response [401]&gt;.status_code</failure></testcase><testcase classname="tests.backend_test.TestAuth" name="test_refresh_token_not_valid_as_access" time="0.503" /><testcase classname="tests.backend_test.TestAuth" name="test_invalid_bearer_token" time="0.125" /><testcase classname="tests.backend_test.TestAuth" name="test_logout_clears_session" time="0.508" /></testsuite></testsuites>